<?xml version="1.0" encoding="UTF-8"?>
<testng-results ignored="0" total="1" passed="1" failed="0" skipped="0">
  <reporter-output>
  </reporter-output>
  <suite started-at="2023-11-15T22:39:37 IST" name="Default suite" finished-at="2023-11-15T22:39:44 IST" duration-ms="6795">
    <groups>
    </groups>
    <test started-at="2023-11-15T22:39:37 IST" name="Default test" finished-at="2023-11-15T22:39:44 IST" duration-ms="6795">
      <class name="testRunner.TC_25_26_TR">
        <test-method is-config="true" signature="setup()[pri:0, instance:testRunner.TC_25_26_TR@2a4fb17b]" started-at="2023-11-15T22:39:37 IST" name="setup" finished-at="2023-11-15T22:39:43 IST" duration-ms="6362" status="PASS">
          <reporter-output>
          </reporter-output>
        </test-method> <!-- setup -->
        <test-method signature="scrollUpAndScrollDownFunctionality()[pri:1, instance:testRunner.TC_25_26_TR@2a4fb17b]" started-at="2023-11-15T22:39:43 IST" name="scrollUpAndScrollDownFunctionality" description="Test Case 26: Verify Scroll Up without &#039;Arrow&#039; button and Scroll Down functionality" finished-at="2023-11-15T22:39:44 IST" duration-ms="262" status="PASS">
          <reporter-output>
          </reporter-output>
        </test-method> <!-- scrollUpAndScrollDownFunctionality -->
        <test-method is-config="true" signature="CloseDriver()[pri:0, instance:testRunner.TC_25_26_TR@2a4fb17b]" started-at="2023-11-15T22:39:44 IST" name="CloseDriver" finished-at="2023-11-15T22:39:44 IST" duration-ms="124" status="PASS">
          <reporter-output>
          </reporter-output>
        </test-method> <!-- CloseDriver -->
      </class> <!-- testRunner.TC_25_26_TR -->
    </test> <!-- Default test -->
  </suite> <!-- Default suite -->
</testng-results>
