<?xml version="1.0" encoding="UTF-8"?>
<!-- Generated by org.testng.reporters.JUnitXMLReporter -->
<testsuite ignored="1" hostname="LAPTOP-09AFOE6P" failures="0" tests="1" name="Default test" time="6.795" errors="0" timestamp="2023-11-15T22:39:44 IST">
  <testcase classname="testRunner.TC_25_26_TR" name="scrollUpAndScrollDownFunctionality" time="0.262"/>
  <testcase classname="testRunner.TC_25_26_TR" name="scrollUpWithArrowAndScrollDownFunctionality" time="0.0">
    <ignored/>
  </testcase> <!-- scrollUpWithArrowAndScrollDownFunctionality -->
</testsuite> <!-- Default test -->
